Using pre-set license
Built from '2022.3/staging' branch; Version is '2022.3.24f1 (334eb2a0b267) revision 3362482'; Using compiler version '192829333'; Build Type 'Release'
OS: 'Windows 10  (10.0.19045) 64bit Education' Language: 'en' Physical Memory: 8112 MB
BatchMode: 1, IsHumanControllingUs: 0, StartBugReporterOnCrash: 0, Is64bit: 1, IsPro: 1

COMMAND LINE ARGUMENTS:
D:\Program Files\Unity Editor\2022.3.24f1\Editor\Unity.exe
-adb2
-batchMode
-noUpm
-name
AssetImportWorker1
-projectPath
D:/git/IRGK_podejscie_2/IRGK_PoC_2
-logFile
Logs/AssetImportWorker1.log
-srvPort
13672
Successfully changed project path to: D:/git/IRGK_podejscie_2/IRGK_PoC_2
D:/git/IRGK_podejscie_2/IRGK_PoC_2
[UnityMemory] Configuration Parameters - Can be set up in boot.config
    "memorysetup-bucket-allocator-granularity=16"
    "memorysetup-bucket-allocator-bucket-count=8"
    "memorysetup-bucket-allocator-block-size=33554432"
    "memorysetup-bucket-allocator-block-count=8"
    "memorysetup-main-allocator-block-size=16777216"
    "memorysetup-thread-allocator-block-size=16777216"
    "memorysetup-gfx-main-allocator-block-size=16777216"
    "memorysetup-gfx-thread-allocator-block-size=16777216"
    "memorysetup-cache-allocator-block-size=4194304"
    "memorysetup-typetree-allocator-block-size=2097152"
    "memorysetup-profiler-bucket-allocator-granularity=16"
    "memorysetup-profiler-bucket-allocator-bucket-count=8"
    "memorysetup-profiler-bucket-allocator-block-size=33554432"
    "memorysetup-profiler-bucket-allocator-block-count=8"
    "memorysetup-profiler-allocator-block-size=16777216"
    "memorysetup-profiler-editor-allocator-block-size=1048576"
    "memorysetup-temp-allocator-size-main=16777216"
    "memorysetup-job-temp-allocator-block-size=2097152"
    "memorysetup-job-temp-allocator-block-size-background=1048576"
    "memorysetup-job-temp-allocator-reduction-small-platforms=262144"
    "memorysetup-allocator-temp-initial-block-size-main=262144"
    "memorysetup-allocator-temp-initial-block-size-worker=262144"
    "memorysetup-temp-allocator-size-background-worker=32768"
    "memorysetup-temp-allocator-size-job-worker=262144"
    "memorysetup-temp-allocator-size-preload-manager=33554432"
    "memorysetup-temp-allocator-size-nav-mesh-worker=65536"
    "memorysetup-temp-allocator-size-audio-worker=65536"
    "memorysetup-temp-allocator-size-cloud-worker=32768"
    "memorysetup-temp-allocator-size-gi-baking-worker=262144"
    "memorysetup-temp-allocator-size-gfx=262144"
Player connection [6068] Host "[IP] 192.168.8.119 [Port] 0 [Flags] 2 [Guid] 1262555655 [EditorId] 1262555655 [Version] 1048832 [Id] WindowsEditor(7,DESKTOP-EM8AVSG) [Debug] 1 [PackageName] WindowsEditor [ProjectName] Editor" joined multi-casting on [225.0.0.222:54997]...

Player connection [6068] Host "[IP] 192.168.8.119 [Port] 0 [Flags] 2 [Guid] 1262555655 [EditorId] 1262555655 [Version] 1048832 [Id] WindowsEditor(7,DESKTOP-EM8AVSG) [Debug] 1 [PackageName] WindowsEditor [ProjectName] Editor" joined alternative multi-casting on [225.0.0.222:34997]...

[Physics::Module] Initialized MultithreadedJobDispatcher with 7 workers.
Refreshing native plugins compatible for Editor in 7.04 ms, found 3 plugins.
Preloading 0 native plugins for Editor in 0.00 ms.
Initialize engine version: 2022.3.24f1 (334eb2a0b267)
[Subsystems] Discovering subsystems at path D:/Program Files/Unity Editor/2022.3.24f1/Editor/Data/Resources/UnitySubsystems
[Subsystems] Discovering subsystems at path D:/git/IRGK_podejscie_2/IRGK_PoC_2/Assets
GfxDevice: creating device client; threaded=0; jobified=0
Direct3D:
    Version:  Direct3D 11.0 [level 11.1]
    Renderer: NVIDIA GeForce GTX 1660 Ti (ID=0x2191)
    Vendor:   NVIDIA
    VRAM:     5979 MB
    Driver:   31.0.15.2824
Initialize mono
Mono path[0] = 'D:/Program Files/Unity Editor/2022.3.24f1/Editor/Data/Managed'
Mono path[1] = 'D:/Program Files/Unity Editor/2022.3.24f1/Editor/Data/MonoBleedingEdge/lib/mono/unityjit-win32'
Mono config path = 'D:/Program Files/Unity Editor/2022.3.24f1/Editor/Data/MonoBleedingEdge/etc'
Using monoOptions --debugger-agent=transport=dt_socket,embedding=1,server=y,suspend=n,address=127.0.0.1:56264
Begin MonoManager ReloadAssembly
Registering precompiled unity dll's ...
Register platform support module: D:/Program Files/Unity Editor/2022.3.24f1/Editor/Data/PlaybackEngines/WindowsStandaloneSupport/UnityEditor.WindowsStandalone.Extensions.dll
Registered in 0.006319 seconds.
- Loaded All Assemblies, in  0.825 seconds
Native extension for WindowsStandalone target not found
Mono: successfully reloaded assembly
- Finished resetting the current domain, in  0.506 seconds
Domain Reload Profiling: 1332ms
	BeginReloadAssembly (263ms)
		ExecutionOrderSort (0ms)
		DisableScriptedObjects (0ms)
		BackupInstance (0ms)
		ReleaseScriptingObjects (0ms)
		CreateAndSetChildDomain (1ms)
	RebuildCommonClasses (86ms)
	RebuildNativeTypeToScriptingClass (26ms)
	initialDomainReloadingComplete (109ms)
	LoadAllAssembliesAndSetupDomain (341ms)
		LoadAssemblies (258ms)
		RebuildTransferFunctionScriptingTraits (0ms)
		AnalyzeDomain (337ms)
			TypeCache.Refresh (335ms)
				TypeCache.ScanAssembly (305ms)
			ScanForSourceGeneratedMonoScriptInfo (1ms)
			ResolveRequiredComponents (1ms)
	FinalizeReload (507ms)
		ReleaseScriptCaches (0ms)
		RebuildScriptCaches (0ms)
		SetupLoadedEditorAssemblies (349ms)
			LogAssemblyErrors (0ms)
			InitializePlatformSupportModulesInManaged (18ms)
			SetLoadedEditorAssemblies (20ms)
			RefreshPlugins (0ms)
			BeforeProcessingInitializeOnLoad (4ms)
			ProcessInitializeOnLoadAttributes (237ms)
			ProcessInitializeOnLoadMethodAttributes (71ms)
			AfterProcessingInitializeOnLoad (0ms)
			EditorAssembliesLoaded (0ms)
		ExecutionOrderSort2 (0ms)
		AwakeInstancesAfterBackupRestoration (0ms)
========================================================================
Worker process is ready to serve import requests
Begin MonoManager ReloadAssembly
- Loaded All Assemblies, in  1.058 seconds
Refreshing native plugins compatible for Editor in 3.46 ms, found 3 plugins.
Native extension for WindowsStandalone target not found
Package Manager log level set to [2]
[Package Manager] Server::EnsureServerProcessIsRunning -- launch failed, reason: Unity was launched with the -noUpm command-line argument
[Package Manager] UpmClient::Send -- Unable to send message (not connected to UPM process).
[Package Manager] Cannot connect to Unity Package Manager local server
Mono: successfully reloaded assembly
- Finished resetting the current domain, in  1.282 seconds
Domain Reload Profiling: 2340ms
	BeginReloadAssembly (215ms)
		ExecutionOrderSort (0ms)
		DisableScriptedObjects (8ms)
		BackupInstance (0ms)
		ReleaseScriptingObjects (0ms)
		CreateAndSetChildDomain (31ms)
	RebuildCommonClasses (54ms)
	RebuildNativeTypeToScriptingClass (19ms)
	initialDomainReloadingComplete (63ms)
	LoadAllAssembliesAndSetupDomain (707ms)
		LoadAssemblies (489ms)
		RebuildTransferFunctionScriptingTraits (0ms)
		AnalyzeDomain (346ms)
			TypeCache.Refresh (286ms)
				TypeCache.ScanAssembly (253ms)
			ScanForSourceGeneratedMonoScriptInfo (29ms)
			ResolveRequiredComponents (29ms)
	FinalizeReload (1282ms)
		ReleaseScriptCaches (0ms)
		RebuildScriptCaches (0ms)
		SetupLoadedEditorAssemblies (972ms)
			LogAssemblyErrors (0ms)
			InitializePlatformSupportModulesInManaged (6ms)
			SetLoadedEditorAssemblies (5ms)
			RefreshPlugins (0ms)
			BeforeProcessingInitializeOnLoad (171ms)
			ProcessInitializeOnLoadAttributes (690ms)
			ProcessInitializeOnLoadMethodAttributes (95ms)
			AfterProcessingInitializeOnLoad (5ms)
			EditorAssembliesLoaded (0ms)
		ExecutionOrderSort2 (0ms)
		AwakeInstancesAfterBackupRestoration (7ms)
Launched and connected shader compiler UnityShaderCompiler.exe after 0.06 seconds
Refreshing native plugins compatible for Editor in 2.49 ms, found 3 plugins.
Preloading 0 native plugins for Editor in 0.00 ms.
Unloading 5325 Unused Serialized files (Serialized files now loaded: 0)
Unloading 72 unused Assets / (352.3 KB). Loaded Objects now: 5784.
Memory consumption went from 211.0 MB to 210.7 MB.
Total: 4.895400 ms (FindLiveObjects: 0.558200 ms CreateObjectMapping: 0.635500 ms MarkObjects: 3.480200 ms  DeleteObjects: 0.220700 ms)

AssetImportParameters requested are different than current active one (requested -> active):
  custom:container-demuxer-ogg: 62fdf1f143b41e24485cea50d1cbac27 -> 
  custom:video-decoder-ogg-theora: a1e56fd34408186e4bbccfd4996cb3dc -> 
  custom:framework-win-MediaFoundation: 216162199b28c13a410421893ffa2e32 -> 
  custom:CustomObjectIndexerAttribute: 72b91833f83ae208fae7752999fa3104 -> 
  custom:container-demuxer-webm: 4f35f7cbe854078d1ac9338744f61a02 -> 
  custom:container-muxer-webm: aa71ff27fc2769a1b78a27578f13a17b -> 
  custom:video-decoder-webm-vp8: 9c59270c3fd7afecdb556c50c9e8de78 -> 
  custom:SearchIndexIgnoredProperties: e643bd26f0fe6173181afceb89e7c659 -> 
  custom:AudioImporter_EditorPlatform: d09bf68614088b80899f8185d706f6e7 -> 
  custom:video-encoder-webm-vp8: eb34c28f22e8b96e1ab97ce403110664 -> 
  custom:audio-decoder-ogg-vorbis: bf7c407c2cedff20999df2af8eb42d56 -> 
  custom:audio-encoder-webm-vorbis: bf7c407c2cedff20999df2af8eb42d56 -> 
========================================================================
Received Import Request.
  Time since last request: 107670.581035 seconds.
  path: Assets/Models/Ch45_nonPBR.fbx
  artifactKey: Guid(d7377910ad713ae4f88b07095f6605db) Importer(815301076,1909f56bfc062723c751e8b465ee728b)
Start importing Assets/Models/Ch45_nonPBR.fbx using Guid(d7377910ad713ae4f88b07095f6605db) Importer(815301076,1909f56bfc062723c751e8b465ee728b)  -> (artifact id: 'f66ff89a883220f2c152362a8e4be9f0') in 0.584850 seconds
Number of updated asset objects reloaded before import = 0
Number of asset objects unloaded after import = 146
========================================================================
Received Import Request.
  Time since last request: 118.637064 seconds.
  path: Assets/Models/Mellarius/Beard_Transparency_Diffuse.png
  artifactKey: Guid(baf1b6abb511f5240a9222be24f70464) Importer(815301076,1909f56bfc062723c751e8b465ee728b)
Start importing Assets/Models/Mellarius/Beard_Transparency_Diffuse.png using Guid(baf1b6abb511f5240a9222be24f70464) Importer(815301076,1909f56bfc062723c751e8b465ee728b)  -> (artifact id: 'c7144220475d1a6bb31b3ec6c98f71a4') in 0.023626 seconds
Number of updated asset objects reloaded before import = 0
Number of asset objects unloaded after import = 2
========================================================================
Received Import Request.
  Time since last request: 0.000033 seconds.
  path: Assets/Models/Mellarius/Tunic_Normal.jpg
  artifactKey: Guid(4810b337139ead14a978eb4af98d45eb) Importer(815301076,1909f56bfc062723c751e8b465ee728b)
Start importing Assets/Models/Mellarius/Tunic_Normal.jpg using Guid(4810b337139ead14a978eb4af98d45eb) Importer(815301076,1909f56bfc062723c751e8b465ee728b)  -> (artifact id: 'faa7dce909fc72bbaff0926d96d24cc7') in 0.017697 seconds
Number of updated asset objects reloaded before import = 0
Number of asset objects unloaded after import = 2
========================================================================
Received Import Request.
  Time since last request: 0.000034 seconds.
  path: Assets/Models/Mellarius/Hair_Transparency_metallic.png
  artifactKey: Guid(3a774dc173d96e64fa4c9e22fc1f5fed) Importer(815301076,1909f56bfc062723c751e8b465ee728b)
Start importing Assets/Models/Mellarius/Hair_Transparency_metallic.png using Guid(3a774dc173d96e64fa4c9e22fc1f5fed) Importer(815301076,1909f56bfc062723c751e8b465ee728b)  -> (artifact id: '898a8341a64481314989d4031ab8f983') in 0.021060 seconds
Number of updated asset objects reloaded before import = 0
Number of asset objects unloaded after import = 2
========================================================================
Received Import Request.
  Time since last request: 0.000024 seconds.
  path: Assets/Models/Mellarius/Hair_Transparency_ao.jpg
  artifactKey: Guid(ed22b96eadc9b3548ab28fe893ec77f4) Importer(815301076,1909f56bfc062723c751e8b465ee728b)
Start importing Assets/Models/Mellarius/Hair_Transparency_ao.jpg using Guid(ed22b96eadc9b3548ab28fe893ec77f4) Importer(815301076,1909f56bfc062723c751e8b465ee728b)  -> (artifact id: '2d362c5f8a56fc86d3792963bba3d7ca') in 0.016221 seconds
Number of updated asset objects reloaded before import = 0
Number of asset objects unloaded after import = 2
========================================================================
Received Import Request.
  Time since last request: 0.000020 seconds.
  path: Assets/Models/Mellarius/THD_Gloves_0212SG_Normal.jpg
  artifactKey: Guid(570f0d6317471134b97be74ab787c9c6) Importer(815301076,1909f56bfc062723c751e8b465ee728b)
Start importing Assets/Models/Mellarius/THD_Gloves_0212SG_Normal.jpg using Guid(570f0d6317471134b97be74ab787c9c6) Importer(815301076,1909f56bfc062723c751e8b465ee728b)  -> (artifact id: '0aeadff83b82d8329fda92368182c632') in 0.014806 seconds
Number of updated asset objects reloaded before import = 0
Number of asset objects unloaded after import = 2
========================================================================
Received Import Request.
  Time since last request: 0.000043 seconds.
  path: Assets/Models/Mellarius/THD_Strips_OKSG1_Normal.jpg
  artifactKey: Guid(0d6c9c246bcee8e4baa88f893741e340) Importer(815301076,1909f56bfc062723c751e8b465ee728b)
Start importing Assets/Models/Mellarius/THD_Strips_OKSG1_Normal.jpg using Guid(0d6c9c246bcee8e4baa88f893741e340) Importer(815301076,1909f56bfc062723c751e8b465ee728b)  -> (artifact id: '8c02300ffe3b271367616254f0b63923') in 0.016007 seconds
Number of updated asset objects reloaded before import = 0
Number of asset objects unloaded after import = 2
========================================================================
Received Import Request.
  Time since last request: 0.000038 seconds.
  path: Assets/Models/Mellarius/THD_Strips_OKSG_metallic.png
  artifactKey: Guid(a980ae982d0578745b751f45952c1d9d) Importer(815301076,1909f56bfc062723c751e8b465ee728b)
Start importing Assets/Models/Mellarius/THD_Strips_OKSG_metallic.png using Guid(a980ae982d0578745b751f45952c1d9d) Importer(815301076,1909f56bfc062723c751e8b465ee728b)  -> (artifact id: '979fe96e99edd32fb321f18f0a60fe98') in 0.019010 seconds
Number of updated asset objects reloaded before import = 0
Number of asset objects unloaded after import = 2
========================================================================
Received Import Request.
  Time since last request: 0.000027 seconds.
  path: Assets/Models/Mellarius/THD_Strips_OKSG1_metallic.png
  artifactKey: Guid(82f4b2e63b97462499b40876ef9a5218) Importer(815301076,1909f56bfc062723c751e8b465ee728b)
Start importing Assets/Models/Mellarius/THD_Strips_OKSG1_metallic.png using Guid(82f4b2e63b97462499b40876ef9a5218) Importer(815301076,1909f56bfc062723c751e8b465ee728b)  -> (artifact id: 'f81727372875bbeef8ad810c39c5c03c') in 0.019375 seconds
Number of updated asset objects reloaded before import = 0
Number of asset objects unloaded after import = 2
========================================================================
Received Import Request.
  Time since last request: 0.000024 seconds.
  path: Assets/Models/Mellarius/Tunic_metallic.jpg
  artifactKey: Guid(f1598641304563a42a94dd6446a52b57) Importer(815301076,1909f56bfc062723c751e8b465ee728b)
Start importing Assets/Models/Mellarius/Tunic_metallic.jpg using Guid(f1598641304563a42a94dd6446a52b57) Importer(815301076,1909f56bfc062723c751e8b465ee728b)  -> (artifact id: '5534b82150096cc5c024ed2c663eab3a') in 0.045880 seconds
Number of updated asset objects reloaded before import = 0
Number of asset objects unloaded after import = 2
========================================================================
Received Import Request.
  Time since last request: 0.000167 seconds.
  path: Assets/Models/Mellarius/Biker_Jeans_ao.jpg
  artifactKey: Guid(62b8846d714060c4494910e81707dbf1) Importer(815301076,1909f56bfc062723c751e8b465ee728b)
Start importing Assets/Models/Mellarius/Biker_Jeans_ao.jpg using Guid(62b8846d714060c4494910e81707dbf1) Importer(815301076,1909f56bfc062723c751e8b465ee728b)  -> (artifact id: '8483fcea6c252de59b421c24f8eafa53') in 0.035635 seconds
Number of updated asset objects reloaded before import = 0
Number of asset objects unloaded after import = 2
========================================================================
Received Import Request.
  Time since last request: 0.000032 seconds.
  path: Assets/Models/Mellarius/Punk_Strap_Boots_Diffuse.jpg
  artifactKey: Guid(c51443dd2764004408d1a75ea5278c06) Importer(815301076,1909f56bfc062723c751e8b465ee728b)
Start importing Assets/Models/Mellarius/Punk_Strap_Boots_Diffuse.jpg using Guid(c51443dd2764004408d1a75ea5278c06) Importer(815301076,1909f56bfc062723c751e8b465ee728b)  -> (artifact id: 'f4b2bcce5fa13718f9b18958d2952db1') in 0.081291 seconds
Number of updated asset objects reloaded before import = 0
Number of asset objects unloaded after import = 2
========================================================================
Received Import Request.
  Time since last request: 0.000041 seconds.
  path: Assets/Models/Mellarius/Hair_Transparency_Hair Root Map.jpg
  artifactKey: Guid(129a1a733201c1347b6158cf877848fa) Importer(815301076,1909f56bfc062723c751e8b465ee728b)
Start importing Assets/Models/Mellarius/Hair_Transparency_Hair Root Map.jpg using Guid(129a1a733201c1347b6158cf877848fa) Importer(815301076,1909f56bfc062723c751e8b465ee728b)  -> (artifact id: '11eb2d24863c8a1c0613495f11e5405c') in 0.034216 seconds
Number of updated asset objects reloaded before import = 0
Number of asset objects unloaded after import = 2
========================================================================
Received Import Request.
  Time since last request: 0.000052 seconds.
  path: Assets/Models/Mellarius/THD_Gloves_0212SG_metallic.png
  artifactKey: Guid(d8689a020e7721c45bbd48af8c3822ec) Importer(815301076,1909f56bfc062723c751e8b465ee728b)
Start importing Assets/Models/Mellarius/THD_Gloves_0212SG_metallic.png using Guid(d8689a020e7721c45bbd48af8c3822ec) Importer(815301076,1909f56bfc062723c751e8b465ee728b)  -> (artifact id: 'f3cfd4470fbec086e73f70a4e6266289') in 0.012061 seconds
Number of updated asset objects reloaded before import = 0
Number of asset objects unloaded after import = 2
========================================================================
Received Import Request.
  Time since last request: 0.000031 seconds.
  path: Assets/Models/Mellarius/Biker_Jeans_metallic.jpg
  artifactKey: Guid(04fcb02ae23789e429bf7718011acc22) Importer(815301076,1909f56bfc062723c751e8b465ee728b)
Start importing Assets/Models/Mellarius/Biker_Jeans_metallic.jpg using Guid(04fcb02ae23789e429bf7718011acc22) Importer(815301076,1909f56bfc062723c751e8b465ee728b)  -> (artifact id: '37f564aac2e7f5d6db85340e78a45b52') in 0.021268 seconds
Number of updated asset objects reloaded before import = 0
Number of asset objects unloaded after import = 2
========================================================================
Received Import Request.
  Time since last request: 0.000037 seconds.
  path: Assets/Models/Mellarius/Male_Bushy_Transparency_metallic.png
  artifactKey: Guid(8ee2d85045caa17488af75063b5b90c9) Importer(815301076,1909f56bfc062723c751e8b465ee728b)
Start importing Assets/Models/Mellarius/Male_Bushy_Transparency_metallic.png using Guid(8ee2d85045caa17488af75063b5b90c9) Importer(815301076,1909f56bfc062723c751e8b465ee728b)  -> (artifact id: '3fb5da54f983adc1ba6b1f4bfabe65bb') in 0.008484 seconds
Number of updated asset objects reloaded before import = 0
Number of asset objects unloaded after import = 2
========================================================================
Received Import Request.
  Time since last request: 0.000032 seconds.
  path: Assets/Models/Mellarius/Std_Eye_R_Diffuse.png
  artifactKey: Guid(ea313ccdffccc4b4799c1be43dfb4fa5) Importer(815301076,1909f56bfc062723c751e8b465ee728b)
Start importing Assets/Models/Mellarius/Std_Eye_R_Diffuse.png using Guid(ea313ccdffccc4b4799c1be43dfb4fa5) Importer(815301076,1909f56bfc062723c751e8b465ee728b)  -> (artifact id: 'e75d0089e2cc5f17c78627ab06bdcc04') in 0.016508 seconds
Number of updated asset objects reloaded before import = 0
Number of asset objects unloaded after import = 2
========================================================================
Received Import Request.
  Time since last request: 0.000024 seconds.
  path: Assets/Models/Mellarius/THD_Strips_OKSG1_ao.jpg
  artifactKey: Guid(5ecffab26ad113846a3aa9e100d7a0a0) Importer(815301076,1909f56bfc062723c751e8b465ee728b)
Start importing Assets/Models/Mellarius/THD_Strips_OKSG1_ao.jpg using Guid(5ecffab26ad113846a3aa9e100d7a0a0) Importer(815301076,1909f56bfc062723c751e8b465ee728b)  -> (artifact id: '2388042a70bb7e2783fa76919fb4cd49') in 0.012473 seconds
Number of updated asset objects reloaded before import = 0
Number of asset objects unloaded after import = 2
========================================================================
Received Import Request.
  Time since last request: 0.000029 seconds.
  path: Assets/Models/Mellarius/Brows_Base.png
  artifactKey: Guid(728f5dc9294488c45971a930a5af6e19) Importer(815301076,1909f56bfc062723c751e8b465ee728b)
Start importing Assets/Models/Mellarius/Brows_Base.png using Guid(728f5dc9294488c45971a930a5af6e19) Importer(815301076,1909f56bfc062723c751e8b465ee728b)  -> (artifact id: 'b0bafdb481ea9bd8e279a28afb38b692') in 0.013444 seconds
Number of updated asset objects reloaded before import = 0
Number of asset objects unloaded after import = 2
========================================================================
Received Import Request.
  Time since last request: 0.000052 seconds.
  path: Assets/Models/Mellarius/Punk_Strap_Boots_metallic.jpg
  artifactKey: Guid(61a00d0e9875a91449b1222dfd34ae0b) Importer(815301076,1909f56bfc062723c751e8b465ee728b)
Start importing Assets/Models/Mellarius/Punk_Strap_Boots_metallic.jpg using Guid(61a00d0e9875a91449b1222dfd34ae0b) Importer(815301076,1909f56bfc062723c751e8b465ee728b)  -> (artifact id: '61790f4053d9fb058018167d9cca8727') in 0.020261 seconds
Number of updated asset objects reloaded before import = 0
Number of asset objects unloaded after import = 2
========================================================================
Received Import Request.
  Time since last request: 0.000028 seconds.
  path: Assets/Models/Mellarius/Punk_Strap_Boots_Normal.jpg
  artifactKey: Guid(dea0e9fdf07e53643a9b50bdde3154f1) Importer(815301076,1909f56bfc062723c751e8b465ee728b)
Start importing Assets/Models/Mellarius/Punk_Strap_Boots_Normal.jpg using Guid(dea0e9fdf07e53643a9b50bdde3154f1) Importer(815301076,1909f56bfc062723c751e8b465ee728b)  -> (artifact id: '55d3c50c7ac96e04931734762184dfef') in 0.018940 seconds
Number of updated asset objects reloaded before import = 0
Number of asset objects unloaded after import = 2
========================================================================
Received Import Request.
  Time since last request: 43.647243 seconds.
  path: Assets/Models/Mellarius/Beard_M.mat
  artifactKey: Guid(d596c0edbd96cd14da15c403f6b634c0) Importer(815301076,1909f56bfc062723c751e8b465ee728b)
Start importing Assets/Models/Mellarius/Beard_M.mat using Guid(d596c0edbd96cd14da15c403f6b634c0) Importer(815301076,1909f56bfc062723c751e8b465ee728b)  -> (artifact id: '3ad0b1cbdc92abd514ba959c2666a2ce') in 0.053065 seconds
Number of updated asset objects reloaded before import = 0
Number of asset objects unloaded after import = 2
========================================================================
Received Import Request.
  Time since last request: 0.000044 seconds.
  path: Assets/Models/Mellarius/Gloves_M.mat
  artifactKey: Guid(28f0855cdc15e1f4d8376e6823c7a942) Importer(815301076,1909f56bfc062723c751e8b465ee728b)
Start importing Assets/Models/Mellarius/Gloves_M.mat using Guid(28f0855cdc15e1f4d8376e6823c7a942) Importer(815301076,1909f56bfc062723c751e8b465ee728b)  -> (artifact id: '0a05afb60a494ddbe697e1b8bf1335e4') in 0.018231 seconds
Number of updated asset objects reloaded before import = 0
Number of asset objects unloaded after import = 2
========================================================================
Received Import Request.
  Time since last request: 0.000025 seconds.
  path: Assets/Models/Mellarius/Eye_M.mat
  artifactKey: Guid(c61612746d8efa8478633130e8cd0c2b) Importer(815301076,1909f56bfc062723c751e8b465ee728b)
Start importing Assets/Models/Mellarius/Eye_M.mat using Guid(c61612746d8efa8478633130e8cd0c2b) Importer(815301076,1909f56bfc062723c751e8b465ee728b)  -> (artifact id: 'ff3985ea7649ddb0dcb0b19c8fd35052') in 0.041933 seconds
Number of updated asset objects reloaded before import = 0
Number of asset objects unloaded after import = 2
========================================================================
Received Import Request.
  Time since last request: 0.000043 seconds.
  path: Assets/Models/Mellarius/Body_M.mat
  artifactKey: Guid(437e410cdff05334fac74752dc2cc1f2) Importer(815301076,1909f56bfc062723c751e8b465ee728b)
Start importing Assets/Models/Mellarius/Body_M.mat using Guid(437e410cdff05334fac74752dc2cc1f2) Importer(815301076,1909f56bfc062723c751e8b465ee728b)  -> (artifact id: 'e65ab86dea3e643272b9c9a7143409c9') in 0.024073 seconds
Number of updated asset objects reloaded before import = 0
Number of asset objects unloaded after import = 2
========================================================================
Received Import Request.
  Time since last request: 0.000038 seconds.
  path: Assets/Models/Mellarius/Boots_M.mat
  artifactKey: Guid(45e1e196c95113d468155fead4455abc) Importer(815301076,1909f56bfc062723c751e8b465ee728b)
Start importing Assets/Models/Mellarius/Boots_M.mat using Guid(45e1e196c95113d468155fead4455abc) Importer(815301076,1909f56bfc062723c751e8b465ee728b)  -> (artifact id: '947ef1c332010fc5738686c16b18b2c4') in 0.025985 seconds
Number of updated asset objects reloaded before import = 0
Number of asset objects unloaded after import = 2
========================================================================
Received Import Request.
  Time since last request: 0.000030 seconds.
  path: Assets/Models/Mellarius/Strip_M.mat
  artifactKey: Guid(8dcc0353cd7494440b6ea372b2647485) Importer(815301076,1909f56bfc062723c751e8b465ee728b)
Start importing Assets/Models/Mellarius/Strip_M.mat using Guid(8dcc0353cd7494440b6ea372b2647485) Importer(815301076,1909f56bfc062723c751e8b465ee728b)  -> (artifact id: 'ffe3ae60aa653ab2abc35f78b9c01fa0') in 0.019113 seconds
Number of updated asset objects reloaded before import = 0
Number of asset objects unloaded after import = 2
========================================================================
Received Import Request.
  Time since last request: 17.384947 seconds.
  path: Assets/Models/Mellarius/Textures/Beard_M.mat
  artifactKey: Guid(d596c0edbd96cd14da15c403f6b634c0) Importer(815301076,1909f56bfc062723c751e8b465ee728b)
Start importing Assets/Models/Mellarius/Textures/Beard_M.mat using Guid(d596c0edbd96cd14da15c403f6b634c0) Importer(815301076,1909f56bfc062723c751e8b465ee728b)  -> (artifact id: 'b379e5a68576980856613573e8531dc3') in 0.022142 seconds
Number of updated asset objects reloaded before import = 0
Number of asset objects unloaded after import = 2
========================================================================
Received Import Request.
  Time since last request: 0.000023 seconds.
  path: Assets/Models/Mellarius/Textures/Gloves_M.mat
  artifactKey: Guid(28f0855cdc15e1f4d8376e6823c7a942) Importer(815301076,1909f56bfc062723c751e8b465ee728b)
Start importing Assets/Models/Mellarius/Textures/Gloves_M.mat using Guid(28f0855cdc15e1f4d8376e6823c7a942) Importer(815301076,1909f56bfc062723c751e8b465ee728b)  -> (artifact id: 'eb04193cf771ced6bf6932f1eb610db7') in 0.037650 seconds
Number of updated asset objects reloaded before import = 0
Number of asset objects unloaded after import = 2
========================================================================
Received Import Request.
  Time since last request: 0.000027 seconds.
  path: Assets/Models/Mellarius/Textures/Eye_M.mat
  artifactKey: Guid(c61612746d8efa8478633130e8cd0c2b) Importer(815301076,1909f56bfc062723c751e8b465ee728b)
Start importing Assets/Models/Mellarius/Textures/Eye_M.mat using Guid(c61612746d8efa8478633130e8cd0c2b) Importer(815301076,1909f56bfc062723c751e8b465ee728b)  -> (artifact id: '30175e2376dbd57b32e9879c597a466d') in 0.018322 seconds
Number of updated asset objects reloaded before import = 0
Number of asset objects unloaded after import = 2
========================================================================
Received Import Request.
  Time since last request: 0.000040 seconds.
  path: Assets/Models/Mellarius/Textures/Boots_M.mat
  artifactKey: Guid(45e1e196c95113d468155fead4455abc) Importer(815301076,1909f56bfc062723c751e8b465ee728b)
Start importing Assets/Models/Mellarius/Textures/Boots_M.mat using Guid(45e1e196c95113d468155fead4455abc) Importer(815301076,1909f56bfc062723c751e8b465ee728b)  -> (artifact id: 'e9f70825c97a4ae6ccdc77198dd04949') in 0.022309 seconds
Number of updated asset objects reloaded before import = 0
Number of asset objects unloaded after import = 2
========================================================================
Received Import Request.
  Time since last request: 0.000031 seconds.
  path: Assets/Models/Mellarius/Textures/Strip_M.mat
  artifactKey: Guid(8dcc0353cd7494440b6ea372b2647485) Importer(815301076,1909f56bfc062723c751e8b465ee728b)
Start importing Assets/Models/Mellarius/Textures/Strip_M.mat using Guid(8dcc0353cd7494440b6ea372b2647485) Importer(815301076,1909f56bfc062723c751e8b465ee728b)  -> (artifact id: 'c513b1936e49314879c0555ca82675c6') in 0.030447 seconds
Number of updated asset objects reloaded before import = 0
Number of asset objects unloaded after import = 2
========================================================================
Received Import Request.
  Time since last request: 389.730150 seconds.
  path: Assets/Models/Mellarius/Materials/Beard_M.mat
  artifactKey: Guid(d596c0edbd96cd14da15c403f6b634c0) Importer(815301076,1909f56bfc062723c751e8b465ee728b)
Start importing Assets/Models/Mellarius/Materials/Beard_M.mat using Guid(d596c0edbd96cd14da15c403f6b634c0) Importer(815301076,1909f56bfc062723c751e8b465ee728b)  -> (artifact id: 'd697f59fbcf18bcaf929a4d81fdd06fa') in 0.023373 seconds
Number of updated asset objects reloaded before import = 0
Number of asset objects unloaded after import = 7
========================================================================
Received Import Request.
  Time since last request: 0.000030 seconds.
  path: Assets/Models/Mellarius/Materials/Gloves_M.mat
  artifactKey: Guid(28f0855cdc15e1f4d8376e6823c7a942) Importer(815301076,1909f56bfc062723c751e8b465ee728b)
Start importing Assets/Models/Mellarius/Materials/Gloves_M.mat using Guid(28f0855cdc15e1f4d8376e6823c7a942) Importer(815301076,1909f56bfc062723c751e8b465ee728b)  -> (artifact id: 'e84e761b314b79fc904c068834c36312') in 0.024689 seconds
Number of updated asset objects reloaded before import = 0
Number of asset objects unloaded after import = 6
========================================================================
Received Import Request.
  Time since last request: 0.000033 seconds.
  path: Assets/Models/Mellarius/Materials/Eye_M.mat
  artifactKey: Guid(c61612746d8efa8478633130e8cd0c2b) Importer(815301076,1909f56bfc062723c751e8b465ee728b)
Start importing Assets/Models/Mellarius/Materials/Eye_M.mat using Guid(c61612746d8efa8478633130e8cd0c2b) Importer(815301076,1909f56bfc062723c751e8b465ee728b)  -> (artifact id: '982835a6f265b131bcd96804c937ae81') in 0.020094 seconds
Number of updated asset objects reloaded before import = 0
Number of asset objects unloaded after import = 3
========================================================================
Received Import Request.
  Time since last request: 0.000029 seconds.
  path: Assets/Models/Mellarius/Materials/Metal_M.mat
  artifactKey: Guid(2ec8c006ba5d9cc498985c6f8c2c4e5b) Importer(815301076,1909f56bfc062723c751e8b465ee728b)
Start importing Assets/Models/Mellarius/Materials/Metal_M.mat using Guid(2ec8c006ba5d9cc498985c6f8c2c4e5b) Importer(815301076,1909f56bfc062723c751e8b465ee728b)  -> (artifact id: 'd77923bdd8b9fea1cb415db9285d845e') in 0.020918 seconds
Number of updated asset objects reloaded before import = 0
Number of asset objects unloaded after import = 4
========================================================================
Received Import Request.
  Time since last request: 0.000030 seconds.
  path: Assets/Models/Mellarius/Materials/Jeans_M.mat
  artifactKey: Guid(02ac47eb8f4461f4684c77c19499f01a) Importer(815301076,1909f56bfc062723c751e8b465ee728b)
Start importing Assets/Models/Mellarius/Materials/Jeans_M.mat using Guid(02ac47eb8f4461f4684c77c19499f01a) Importer(815301076,1909f56bfc062723c751e8b465ee728b)  -> (artifact id: '31b1026a988f99d481beab7eab115997') in 0.027947 seconds
Number of updated asset objects reloaded before import = 0
Number of asset objects unloaded after import = 6
========================================================================
Received Prepare
Begin MonoManager ReloadAssembly
- Loaded All Assemblies, in  0.681 seconds
Refreshing native plugins compatible for Editor in 2.70 ms, found 3 plugins.
Native extension for WindowsStandalone target not found
[Package Manager] Server::EnsureServerProcessIsRunning -- launch failed, reason: Unity was launched with the -noUpm command-line argument
[Package Manager] UpmClient::Send -- Unable to send message (not connected to UPM process).
[Package Manager] Cannot connect to Unity Package Manager local server
Mono: successfully reloaded assembly
- Finished resetting the current domain, in  2.282 seconds
Domain Reload Profiling: 2962ms
	BeginReloadAssembly (280ms)
		ExecutionOrderSort (0ms)
		DisableScriptedObjects (11ms)
		BackupInstance (0ms)
		ReleaseScriptingObjects (0ms)
		CreateAndSetChildDomain (59ms)
	RebuildCommonClasses (65ms)
	RebuildNativeTypeToScriptingClass (22ms)
	initialDomainReloadingComplete (34ms)
	LoadAllAssembliesAndSetupDomain (279ms)
		LoadAssemblies (424ms)
		RebuildTransferFunctionScriptingTraits (0ms)
		AnalyzeDomain (25ms)
			TypeCache.Refresh (9ms)
				TypeCache.ScanAssembly (0ms)
			ScanForSourceGeneratedMonoScriptInfo (0ms)
			ResolveRequiredComponents (15ms)
	FinalizeReload (2282ms)
		ReleaseScriptCaches (0ms)
		RebuildScriptCaches (0ms)
		SetupLoadedEditorAssemblies (841ms)
			LogAssemblyErrors (0ms)
			InitializePlatformSupportModulesInManaged (8ms)
			SetLoadedEditorAssemblies (5ms)
			RefreshPlugins (0ms)
			BeforeProcessingInitializeOnLoad (114ms)
			ProcessInitializeOnLoadAttributes (629ms)
			ProcessInitializeOnLoadMethodAttributes (83ms)
			AfterProcessingInitializeOnLoad (3ms)
			EditorAssembliesLoaded (0ms)
		ExecutionOrderSort2 (0ms)
		AwakeInstancesAfterBackupRestoration (27ms)
Refreshing native plugins compatible for Editor in 3.15 ms, found 3 plugins.
Preloading 0 native plugins for Editor in 0.00 ms.
Unloading 5173 Unused Serialized files (Serialized files now loaded: 0)
Unloading 41 unused Assets / (319.1 KB). Loaded Objects now: 5875.
Memory consumption went from 193.8 MB to 193.5 MB.
Total: 6.313200 ms (FindLiveObjects: 0.678000 ms CreateObjectMapping: 0.864800 ms MarkObjects: 4.611700 ms  DeleteObjects: 0.158100 ms)

Prepare: number of updated asset objects reloaded= 0
AssetImportParameters requested are different than current active one (requested -> active):
  custom:container-demuxer-ogg: 62fdf1f143b41e24485cea50d1cbac27 -> 
  custom:video-decoder-ogg-theora: a1e56fd34408186e4bbccfd4996cb3dc -> 
  custom:framework-win-MediaFoundation: 216162199b28c13a410421893ffa2e32 -> 
  custom:CustomObjectIndexerAttribute: 72b91833f83ae208fae7752999fa3104 -> 
  custom:container-demuxer-webm: 4f35f7cbe854078d1ac9338744f61a02 -> 
  custom:container-muxer-webm: aa71ff27fc2769a1b78a27578f13a17b -> 
  custom:video-decoder-webm-vp8: 9c59270c3fd7afecdb556c50c9e8de78 -> 
  custom:SearchIndexIgnoredProperties: e643bd26f0fe6173181afceb89e7c659 -> 
  custom:AudioImporter_EditorPlatform: d09bf68614088b80899f8185d706f6e7 -> 
  custom:video-encoder-webm-vp8: eb34c28f22e8b96e1ab97ce403110664 -> 
  custom:audio-decoder-ogg-vorbis: bf7c407c2cedff20999df2af8eb42d56 -> 
  custom:audio-encoder-webm-vorbis: bf7c407c2cedff20999df2af8eb42d56 -> 
========================================================================
Received Prepare
Begin MonoManager ReloadAssembly
- Loaded All Assemblies, in  0.570 seconds
Refreshing native plugins compatible for Editor in 2.49 ms, found 3 plugins.
Native extension for WindowsStandalone target not found
[Package Manager] Server::EnsureServerProcessIsRunning -- launch failed, reason: Unity was launched with the -noUpm command-line argument
[Package Manager] UpmClient::Send -- Unable to send message (not connected to UPM process).
[Package Manager] Cannot connect to Unity Package Manager local server
Mono: successfully reloaded assembly
- Finished resetting the current domain, in  1.351 seconds
Domain Reload Profiling: 1921ms
	BeginReloadAssembly (172ms)
		ExecutionOrderSort (0ms)
		DisableScriptedObjects (5ms)
		BackupInstance (0ms)
		ReleaseScriptingObjects (0ms)
		CreateAndSetChildDomain (38ms)
	RebuildCommonClasses (43ms)
	RebuildNativeTypeToScriptingClass (20ms)
	initialDomainReloadingComplete (32ms)
	LoadAllAssembliesAndSetupDomain (303ms)
		LoadAssemblies (362ms)
		RebuildTransferFunctionScriptingTraits (0ms)
		AnalyzeDomain (33ms)
			TypeCache.Refresh (14ms)
				TypeCache.ScanAssembly (0ms)
			ScanForSourceGeneratedMonoScriptInfo (0ms)
			ResolveRequiredComponents (18ms)
	FinalizeReload (1352ms)
		ReleaseScriptCaches (0ms)
		RebuildScriptCaches (0ms)
		SetupLoadedEditorAssemblies (669ms)
			LogAssemblyErrors (0ms)
			InitializePlatformSupportModulesInManaged (5ms)
			SetLoadedEditorAssemblies (4ms)
			RefreshPlugins (0ms)
			BeforeProcessingInitializeOnLoad (76ms)
			ProcessInitializeOnLoadAttributes (494ms)
			ProcessInitializeOnLoadMethodAttributes (86ms)
			AfterProcessingInitializeOnLoad (4ms)
			EditorAssembliesLoaded (0ms)
		ExecutionOrderSort2 (0ms)
		AwakeInstancesAfterBackupRestoration (25ms)
Refreshing native plugins compatible for Editor in 3.20 ms, found 3 plugins.
Preloading 0 native plugins for Editor in 0.00 ms.
Unloading 5173 Unused Serialized files (Serialized files now loaded: 0)
Unloading 41 unused Assets / (319.2 KB). Loaded Objects now: 5879.
Memory consumption went from 195.7 MB to 195.4 MB.
Total: 5.529800 ms (FindLiveObjects: 0.562400 ms CreateObjectMapping: 0.666700 ms MarkObjects: 4.066500 ms  DeleteObjects: 0.233100 ms)

Prepare: number of updated asset objects reloaded= 0
AssetImportParameters requested are different than current active one (requested -> active):
  custom:container-demuxer-ogg: 62fdf1f143b41e24485cea50d1cbac27 -> 
  custom:video-decoder-ogg-theora: a1e56fd34408186e4bbccfd4996cb3dc -> 
  custom:framework-win-MediaFoundation: 216162199b28c13a410421893ffa2e32 -> 
  custom:CustomObjectIndexerAttribute: 72b91833f83ae208fae7752999fa3104 -> 
  custom:container-demuxer-webm: 4f35f7cbe854078d1ac9338744f61a02 -> 
  custom:container-muxer-webm: aa71ff27fc2769a1b78a27578f13a17b -> 
  custom:video-decoder-webm-vp8: 9c59270c3fd7afecdb556c50c9e8de78 -> 
  custom:SearchIndexIgnoredProperties: e643bd26f0fe6173181afceb89e7c659 -> 
  custom:AudioImporter_EditorPlatform: d09bf68614088b80899f8185d706f6e7 -> 
  custom:video-encoder-webm-vp8: eb34c28f22e8b96e1ab97ce403110664 -> 
  custom:audio-decoder-ogg-vorbis: bf7c407c2cedff20999df2af8eb42d56 -> 
  custom:audio-encoder-webm-vorbis: bf7c407c2cedff20999df2af8eb42d56 -> 
========================================================================
Received Prepare
Begin MonoManager ReloadAssembly
- Loaded All Assemblies, in  0.518 seconds
Refreshing native plugins compatible for Editor in 3.35 ms, found 3 plugins.
Native extension for WindowsStandalone target not found
[Package Manager] Server::EnsureServerProcessIsRunning -- launch failed, reason: Unity was launched with the -noUpm command-line argument
[Package Manager] UpmClient::Send -- Unable to send message (not connected to UPM process).
[Package Manager] Cannot connect to Unity Package Manager local server
Mono: successfully reloaded assembly
- Finished resetting the current domain, in  1.359 seconds
Domain Reload Profiling: 1876ms
	BeginReloadAssembly (176ms)
		ExecutionOrderSort (0ms)
		DisableScriptedObjects (4ms)
		BackupInstance (0ms)
		ReleaseScriptingObjects (0ms)
		CreateAndSetChildDomain (42ms)
	RebuildCommonClasses (40ms)
	RebuildNativeTypeToScriptingClass (15ms)
	initialDomainReloadingComplete (27ms)
	LoadAllAssembliesAndSetupDomain (259ms)
		LoadAssemblies (326ms)
		RebuildTransferFunctionScriptingTraits (0ms)
		AnalyzeDomain (30ms)
			TypeCache.Refresh (12ms)
				TypeCache.ScanAssembly (0ms)
			ScanForSourceGeneratedMonoScriptInfo (0ms)
			ResolveRequiredComponents (16ms)
	FinalizeReload (1359ms)
		ReleaseScriptCaches (0ms)
		RebuildScriptCaches (0ms)
		SetupLoadedEditorAssemblies (794ms)
			LogAssemblyErrors (0ms)
			InitializePlatformSupportModulesInManaged (5ms)
			SetLoadedEditorAssemblies (3ms)
			RefreshPlugins (0ms)
			BeforeProcessingInitializeOnLoad (73ms)
			ProcessInitializeOnLoadAttributes (618ms)
			ProcessInitializeOnLoadMethodAttributes (91ms)
			AfterProcessingInitializeOnLoad (3ms)
			EditorAssembliesLoaded (0ms)
		ExecutionOrderSort2 (0ms)
		AwakeInstancesAfterBackupRestoration (24ms)
Refreshing native plugins compatible for Editor in 2.82 ms, found 3 plugins.
Preloading 0 native plugins for Editor in 0.00 ms.
Unloading 5173 Unused Serialized files (Serialized files now loaded: 0)
Unloading 41 unused Assets / (319.2 KB). Loaded Objects now: 5883.
Memory consumption went from 197.6 MB to 197.3 MB.
Total: 9.469800 ms (FindLiveObjects: 0.695600 ms CreateObjectMapping: 0.797800 ms MarkObjects: 7.625200 ms  DeleteObjects: 0.349600 ms)

Prepare: number of updated asset objects reloaded= 0
AssetImportParameters requested are different than current active one (requested -> active):
  custom:container-demuxer-ogg: 62fdf1f143b41e24485cea50d1cbac27 -> 
  custom:video-decoder-ogg-theora: a1e56fd34408186e4bbccfd4996cb3dc -> 
  custom:framework-win-MediaFoundation: 216162199b28c13a410421893ffa2e32 -> 
  custom:CustomObjectIndexerAttribute: 72b91833f83ae208fae7752999fa3104 -> 
  custom:container-demuxer-webm: 4f35f7cbe854078d1ac9338744f61a02 -> 
  custom:container-muxer-webm: aa71ff27fc2769a1b78a27578f13a17b -> 
  custom:video-decoder-webm-vp8: 9c59270c3fd7afecdb556c50c9e8de78 -> 
  custom:SearchIndexIgnoredProperties: e643bd26f0fe6173181afceb89e7c659 -> 
  custom:AudioImporter_EditorPlatform: d09bf68614088b80899f8185d706f6e7 -> 
  custom:video-encoder-webm-vp8: eb34c28f22e8b96e1ab97ce403110664 -> 
  custom:audio-decoder-ogg-vorbis: bf7c407c2cedff20999df2af8eb42d56 -> 
  custom:audio-encoder-webm-vorbis: bf7c407c2cedff20999df2af8eb42d56 -> 
========================================================================
Received Prepare
Begin MonoManager ReloadAssembly
- Loaded All Assemblies, in  0.532 seconds
Refreshing native plugins compatible for Editor in 2.46 ms, found 3 plugins.
Native extension for WindowsStandalone target not found
[Package Manager] Server::EnsureServerProcessIsRunning -- launch failed, reason: Unity was launched with the -noUpm command-line argument
[Package Manager] UpmClient::Send -- Unable to send message (not connected to UPM process).
[Package Manager] Cannot connect to Unity Package Manager local server
Mono: successfully reloaded assembly
- Finished resetting the current domain, in  1.899 seconds
Domain Reload Profiling: 2432ms
	BeginReloadAssembly (171ms)
		ExecutionOrderSort (0ms)
		DisableScriptedObjects (4ms)
		BackupInstance (0ms)
		ReleaseScriptingObjects (0ms)
		CreateAndSetChildDomain (41ms)
	RebuildCommonClasses (34ms)
	RebuildNativeTypeToScriptingClass (16ms)
	initialDomainReloadingComplete (28ms)
	LoadAllAssembliesAndSetupDomain (283ms)
		LoadAssemblies (354ms)
		RebuildTransferFunctionScriptingTraits (0ms)
		AnalyzeDomain (22ms)
			TypeCache.Refresh (8ms)
				TypeCache.ScanAssembly (0ms)
			ScanForSourceGeneratedMonoScriptInfo (0ms)
			ResolveRequiredComponents (13ms)
	FinalizeReload (1900ms)
		ReleaseScriptCaches (0ms)
		RebuildScriptCaches (0ms)
		SetupLoadedEditorAssemblies (686ms)
			LogAssemblyErrors (0ms)
			InitializePlatformSupportModulesInManaged (6ms)
			SetLoadedEditorAssemblies (5ms)
			RefreshPlugins (0ms)
			BeforeProcessingInitializeOnLoad (90ms)
			ProcessInitializeOnLoadAttributes (496ms)
			ProcessInitializeOnLoadMethodAttributes (85ms)
			AfterProcessingInitializeOnLoad (3ms)
			EditorAssembliesLoaded (0ms)
		ExecutionOrderSort2 (0ms)
		AwakeInstancesAfterBackupRestoration (25ms)
Refreshing native plugins compatible for Editor in 3.17 ms, found 3 plugins.
Preloading 0 native plugins for Editor in 0.00 ms.
Unloading 5173 Unused Serialized files (Serialized files now loaded: 0)
Unloading 41 unused Assets / (319.2 KB). Loaded Objects now: 5887.
Memory consumption went from 199.6 MB to 199.3 MB.
Total: 5.675500 ms (FindLiveObjects: 0.907000 ms CreateObjectMapping: 0.615100 ms MarkObjects: 3.977000 ms  DeleteObjects: 0.174900 ms)

Prepare: number of updated asset objects reloaded= 0
AssetImportParameters requested are different than current active one (requested -> active):
  custom:container-demuxer-ogg: 62fdf1f143b41e24485cea50d1cbac27 -> 
  custom:video-decoder-ogg-theora: a1e56fd34408186e4bbccfd4996cb3dc -> 
  custom:framework-win-MediaFoundation: 216162199b28c13a410421893ffa2e32 -> 
  custom:CustomObjectIndexerAttribute: 72b91833f83ae208fae7752999fa3104 -> 
  custom:container-demuxer-webm: 4f35f7cbe854078d1ac9338744f61a02 -> 
  custom:container-muxer-webm: aa71ff27fc2769a1b78a27578f13a17b -> 
  custom:video-decoder-webm-vp8: 9c59270c3fd7afecdb556c50c9e8de78 -> 
  custom:SearchIndexIgnoredProperties: e643bd26f0fe6173181afceb89e7c659 -> 
  custom:AudioImporter_EditorPlatform: d09bf68614088b80899f8185d706f6e7 -> 
  custom:video-encoder-webm-vp8: eb34c28f22e8b96e1ab97ce403110664 -> 
  custom:audio-decoder-ogg-vorbis: bf7c407c2cedff20999df2af8eb42d56 -> 
  custom:audio-encoder-webm-vorbis: bf7c407c2cedff20999df2af8eb42d56 -> 
